<?xml version="1.0" encoding="UTF-8"?>
<!-- Generated by org.testng.reporters.JUnitXMLReporter -->
<testsuite ignored="0" hostname="Madhurs-MacBook-Air.local" failures="1" tests="1" name="Test_1" time="6.479" errors="0" timestamp="22 Feb 2020 08:10:11 GMT">
  <testcase classname="com.selenium4.features.WebElementScreenshotTest" name="test" time="0.041">
    <failure type="org.openqa.selenium.NoSuchElementException" message="no such element: Unable to locate element: {&amp;quot;method&amp;quot;:&amp;quot;xpath&amp;quot;,&amp;quot;selector&amp;quot;:&amp;quot;//*[@class=&amp;apos;fb_logo img sp_W-v012zTIDG sx_4f5409&amp;apos;]&amp;quot;}
  (Session info: chrome=80.0.3987.116)
For documentation on this error, please visit: https://www.seleniumhq.org/exceptions/no_such_element.html
Build info: version: &amp;apos;4.0.0-alpha-3&amp;apos;, revision: &amp;apos;8c567de6dc&amp;apos;
System info: host: &amp;apos;Madhurs-MacBook-Air.local&amp;apos;, ip: &amp;apos;fe80:0:0:0:144a:a252:4942:3e72%en0&amp;apos;, os.name: &amp;apos;Mac OS X&amp;apos;, os.arch: &amp;apos;x86_64&amp;apos;, os.version: &amp;apos;10.15.2&amp;apos;, java.version: &amp;apos;10.0.2&amp;apos;
Driver info: org.openqa.selenium.chrome.ChromeDriver
Capabilities {acceptInsecureCerts: false, browserName: chrome, browserVersion: 80.0.3987.116, chrome: {chromedriverVersion: 79.0.3945.36 (3582db32b3389..., userDataDir: /var/folders/gh/vz_q888j5xv...}, goog:chromeOptions: {debuggerAddress: localhost:50030}, javascriptEnabled: true, networkConnectionEnabled: false, pageLoadStrategy: normal, platform: MAC, platformName: MAC, proxy: Proxy(), setWindowRect: true, strictFileInteractability: false, timeouts: {implicit: 0, pageLoad: 300000, script: 30000}, unhandledPromptBehavior: dismiss and notify}
Session ID: 9bddb15ab65c28c72ce6c75932592d9d
*** Element info: {Using=xpath, value=//*[@class=&amp;apos;fb_logo img sp_W-v012zTIDG sx_4f5409&amp;apos;]}">
      <![CDATA[org.openqa.selenium.NoSuchElementException: no such element: Unable to locate element: {"method":"xpath","selector":"//*[@class='fb_logo img sp_W-v012zTIDG sx_4f5409']"}
  (Session info: chrome=80.0.3987.116)
For documentation on this error, please visit: https://www.seleniumhq.org/exceptions/no_such_element.html
Build info: version: '4.0.0-alpha-3', revision: '8c567de6dc'
System info: host: 'Madhurs-MacBook-Air.local', ip: 'fe80:0:0:0:144a:a252:4942:3e72%en0', os.name: 'Mac OS X', os.arch: 'x86_64', os.version: '10.15.2', java.version: '10.0.2'
Driver info: org.openqa.selenium.chrome.ChromeDriver
Capabilities {acceptInsecureCerts: false, browserName: chrome, browserVersion: 80.0.3987.116, chrome: {chromedriverVersion: 79.0.3945.36 (3582db32b3389..., userDataDir: /var/folders/gh/vz_q888j5xv...}, goog:chromeOptions: {debuggerAddress: localhost:50030}, javascriptEnabled: true, networkConnectionEnabled: false, pageLoadStrategy: normal, platform: MAC, platformName: MAC, proxy: Proxy(), setWindowRect: true, strictFileInteractability: false, timeouts: {implicit: 0, pageLoad: 300000, script: 30000}, unhandledPromptBehavior: dismiss and notify}
Session ID: 9bddb15ab65c28c72ce6c75932592d9d
*** Element info: {Using=xpath, value=//*[@class='fb_logo img sp_W-v012zTIDG sx_4f5409']}
at selenium.server@4.0.0-alpha-3/org.openqa.selenium.remote.codec.w3c.W3CHttpResponseCodec.createException(W3CHttpResponseCodec.java:191)
at selenium.server@4.0.0-alpha-3/org.openqa.selenium.remote.codec.w3c.W3CHttpResponseCodec.decode(W3CHttpResponseCodec.java:125)
at selenium.server@4.0.0-alpha-3/org.openqa.selenium.remote.codec.w3c.W3CHttpResponseCodec.decode(W3CHttpResponseCodec.java:52)
at selenium.server@4.0.0-alpha-3/org.openqa.selenium.remote.HttpCommandExecutor.execute(HttpCommandExecutor.java:161)
at selenium.server@4.0.0-alpha-3/org.openqa.selenium.remote.service.DriverCommandExecutor.execute(DriverCommandExecutor.java:83)
at selenium.server@4.0.0-alpha-3/org.openqa.selenium.remote.RemoteWebDriver.execute(RemoteWebDriver.java:576)
at selenium.server@4.0.0-alpha-3/org.openqa.selenium.remote.RemoteWebDriver.findElement(RemoteWebDriver.java:327)
at selenium.server@4.0.0-alpha-3/org.openqa.selenium.remote.RemoteWebDriver.findElementByXPath(RemoteWebDriver.java:445)
at selenium.server@4.0.0-alpha-3/org.openqa.selenium.By$ByXPath.findElement(By.java:396)
at selenium.server@4.0.0-alpha-3/org.openqa.selenium.remote.RemoteWebDriver.findElement(RemoteWebDriver.java:319)
at com.selenium4.features.WebElementScreenshotTest.test(WebElementScreenshotTest.java:44)
at runnable.sample.TestNGRunner.main(TestNGRunner.java:42)
... Removed 26 stack frames]]>
    </failure>
  </testcase> <!-- test -->
</testsuite> <!-- Test_1 -->
